Using pre-set license

 COMMAND LINE ARGUMENTS:
/Applications/Unity/Hub/Editor/2020.3.8f1/Unity.app/Contents/MacOS/Unity
-adb2
-batchMode
-noUpm
-name
AssetImportWorker0
-projectPath
/Users/kwanggiheo/Desktop/Unity Folder/ARImageTracking
-logFile
Logs/AssetImportWorker0.log
-srvPort
55416
Successfully changed project path to: /Users/kwanggiheo/Desktop/Unity Folder/ARImageTracking
/Users/kwanggiheo/Desktop/Unity Folder/ARImageTracking
Using Asset Import Pipeline V2.
Refreshing native plugins compatible for Editor in 28.48 ms, found 1 plugins.
Preloading 0 native plugins for Editor in 0.00 ms.
Initialize engine version: 2020.3.8f1 (507919d4fff5)
[Subsystems] Discovering subsystems at path /Applications/Unity/Hub/Editor/2020.3.8f1/Unity.app/Contents/Resources/UnitySubsystems
[Subsystems] Discovering subsystems at path /Users/kwanggiheo/Desktop/Unity Folder/ARImageTracking/Assets
GfxDevice: creating device client; threaded=0
2021-08-28 16:45:32.645 Unity[8186:292974] (null) preferred device: Apple M1 (high power)
2021-08-28 16:45:32.645 Unity[8186:292974] Metal devices available: 1
2021-08-28 16:45:32.645 Unity[8186:292974] 0: Apple M1 (high power)
2021-08-28 16:45:32.645 Unity[8186:292974] Using device Apple M1 (high power)
Initializing Metal device caps: Apple M1
Initialize mono
Mono path[0] = '/Applications/Unity/Hub/Editor/2020.3.8f1/Unity.app/Contents/Managed'
Mono path[1] = '/Applications/Unity/Hub/Editor/2020.3.8f1/Unity.app/Contents/MonoBleedingEdge/lib/mono/unityjit'
Mono config path = '/Applications/Unity/Hub/Editor/2020.3.8f1/Unity.app/Contents/MonoBleedingEdge/etc'
Using monoOptions --debugger-agent=transport=dt_socket,embedding=1,server=y,suspend=n,address=127.0.0.1:56186
Begin MonoManager ReloadAssembly
Registering precompiled unity dll's ...
Register platform support module: /Applications/Unity/Hub/Editor/2020.3.8f1/Unity.app/Contents/PlaybackEngines/MacStandaloneSupport/UnityEditor.OSXStandalone.Extensions.dll
Register platform support module: /Applications/Unity/Hub/Editor/2020.3.8f1/PlaybackEngines/WindowsStandaloneSupport/UnityEditor.WindowsStandalone.Extensions.dll
Registered in 0.002141 seconds.
Native extension for WindowsStandalone target not found
Native extension for OSXStandalone target not found
Refreshing native plugins compatible for Editor in 25.96 ms, found 1 plugins.
Preloading 0 native plugins for Editor in 0.00 ms.
Mono: successfully reloaded assembly
- Completed reload, in  3.317 seconds
Platform modules already initialized, skipping
Registering precompiled user dll's ...
Registered in 0.000841 seconds.
Begin MonoManager ReloadAssembly
Native extension for WindowsStandalone target not found
Native extension for OSXStandalone target not found
Refreshing native plugins compatible for Editor in 27.49 ms, found 1 plugins.
Preloading 0 native plugins for Editor in 0.00 ms.
Mono: successfully reloaded assembly
- Completed reload, in  2.082 seconds
Platform modules already initialized, skipping
========================================================================
Worker process is ready to serve import requests
Launching external process: /Applications/Unity/Hub/Editor/2020.3.8f1/Unity.app/Contents/Tools/UnityShaderCompiler
Launched and connected shader compiler UnityShaderCompiler after 0.03 seconds
Refreshing native plugins compatible for Editor in 0.27 ms, found 1 plugins.
Preloading 0 native plugins for Editor in 0.00 ms.
Unloading 1537 Unused Serialized files (Serialized files now loaded: 0)
System memory in use before: 131.5 MB.
System memory in use after: 131.5 MB.

Unloading 12 unused Assets to reduce memory usage. Loaded Objects now: 1979.
Total: 2.114917 ms (FindLiveObjects: 0.186833 ms CreateObjectMapping: 0.032250 ms MarkObjects: 1.792333 ms  DeleteObjects: 0.102292 ms)

========================================================================
Received Prepare
Registering precompiled user dll's ...
Registered in 0.000417 seconds.
Begin MonoManager ReloadAssembly
Native extension for WindowsStandalone target not found
Native extension for OSXStandalone target not found
Refreshing native plugins compatible for Editor in 0.31 ms, found 1 plugins.
Preloading 0 native plugins for Editor in 0.00 ms.
Mono: successfully reloaded assembly
- Completed reload, in  2.062 seconds
Platform modules already initialized, skipping
Refreshing native plugins compatible for Editor in 0.29 ms, found 1 plugins.
Preloading 0 native plugins for Editor in 0.00 ms.
Unloading 1525 Unused Serialized files (Serialized files now loaded: 0)
System memory in use before: 131.1 MB.
System memory in use after: 131.2 MB.

Unloading 7 unused Assets to reduce memory usage. Loaded Objects now: 1983.
Total: 1.538875 ms (FindLiveObjects: 0.174084 ms CreateObjectMapping: 0.031291 ms MarkObjects: 1.252959 ms  DeleteObjects: 0.079459 ms)

========================================================================
Received Import Request.
  path: Assets/ARImageTraking.cs
  artifactKey: Guid(f987586e8d035422896f03f7b7cbb4fc) Importer(815301076,1909f56bfc062723c751e8b465ee728b)
Start importing Assets/ARImageTraking.cs using Guid(f987586e8d035422896f03f7b7cbb4fc) Importer(815301076,1909f56bfc062723c751e8b465ee728b)  -> (artifact id: 'a4c807e2def4a5ab0ece2b0eec406012') in 1.923946 seconds
  Import took 1.926848 seconds .

========================================================================
Received Import Request.
  Time since last request: 15.461655 seconds.
  path: Assets/ARImageTraking.cs
  artifactKey: Guid(f987586e8d035422896f03f7b7cbb4fc) Importer(815301076,1909f56bfc062723c751e8b465ee728b)
Start importing Assets/ARImageTraking.cs using Guid(f987586e8d035422896f03f7b7cbb4fc) Importer(815301076,1909f56bfc062723c751e8b465ee728b)  -> (artifact id: '58c412a51773eec5e8f54419ae82564c') in 0.004308 seconds
  Import took 0.054683 seconds .

========================================================================
Received Import Request.
  Time since last request: 0.220661 seconds.
  path: Assets/ARImageTraking.cs
  artifactKey: Guid(f987586e8d035422896f03f7b7cbb4fc) Importer(815301076,1909f56bfc062723c751e8b465ee728b)
Start importing Assets/ARImageTraking.cs using Guid(f987586e8d035422896f03f7b7cbb4fc) Importer(815301076,1909f56bfc062723c751e8b465ee728b)  -> (artifact id: '58c412a51773eec5e8f54419ae82564c') in 0.001478 seconds
  Import took 0.004066 seconds .

========================================================================
Received Prepare
Registering precompiled user dll's ...
Registered in 0.000405 seconds.
Begin MonoManager ReloadAssembly
Native extension for WindowsStandalone target not found
Native extension for OSXStandalone target not found
Refreshing native plugins compatible for Editor in 0.41 ms, found 1 plugins.
Preloading 0 native plugins for Editor in 0.00 ms.
Mono: successfully reloaded assembly
- Completed reload, in  1.976 seconds
Platform modules already initialized, skipping
Refreshing native plugins compatible for Editor in 0.23 ms, found 1 plugins.
Preloading 0 native plugins for Editor in 0.00 ms.
Unloading 1525 Unused Serialized files (Serialized files now loaded: 0)
System memory in use before: 135.8 MB.
System memory in use after: 135.8 MB.

Unloading 7 unused Assets to reduce memory usage. Loaded Objects now: 1987.
Total: 1.308042 ms (FindLiveObjects: 0.118334 ms CreateObjectMapping: 0.030000 ms MarkObjects: 1.096209 ms  DeleteObjects: 0.062708 ms)

========================================================================
Received Import Request.
  Time since last request: 2672.514089 seconds.
  path: Assets
  artifactKey: Guid(00000000000000001000000000000000) Importer(815301076,1909f56bfc062723c751e8b465ee728b)
Start importing Assets using Guid(00000000000000001000000000000000) Importer(815301076,1909f56bfc062723c751e8b465ee728b)  -> (artifact id: '42d402b061de3733987d63b9cc3b64de') in 0.041674 seconds
  Import took 0.062222 seconds .

========================================================================
Received Import Request.
  Time since last request: 0.037711 seconds.
  path: Assets
  artifactKey: Guid(00000000000000001000000000000000) Importer(815301076,1909f56bfc062723c751e8b465ee728b)
Start importing Assets using Guid(00000000000000001000000000000000) Importer(815301076,1909f56bfc062723c751e8b465ee728b)  -> (artifact id: '42d402b061de3733987d63b9cc3b64de') in 0.000691 seconds
  Import took 0.004054 seconds .

========================================================================
Received Import Request.
  Time since last request: 58.908687 seconds.
  path: Assets/photo-1573554634131-288affe9044d.jpeg
  artifactKey: Guid(1f30ced787e99445fb9db4038ec4ee92) Importer(815301076,1909f56bfc062723c751e8b465ee728b)
Start importing Assets/photo-1573554634131-288affe9044d.jpeg using Guid(1f30ced787e99445fb9db4038ec4ee92) Importer(815301076,1909f56bfc062723c751e8b465ee728b)  -> (artifact id: 'cb9804c3efde9f37ec5eb5d6e325dcd4') in 0.880545 seconds
  Import took 0.887478 seconds .

========================================================================
Received Import Request.
  Time since last request: 0.000555 seconds.
  path: Assets/애프터이펙트ㅣ브러쉬ㅣ그림 그리는듯한 효과 (Vans Presents 'Olympic Air').mp4
  artifactKey: Guid(8be52a367ecf041029b01e58c2726f90) Importer(815301076,1909f56bfc062723c751e8b465ee728b)
Start importing Assets/애프터이펙트ㅣ브러쉬ㅣ그림 그리는듯한 효과 (Vans Presents 'Olympic Air').mp4 using Guid(8be52a367ecf041029b01e58c2726f90) Importer(815301076,1909f56bfc062723c751e8b465ee728b)  -> (artifact id: 'eeea59f7884f8a34d2b20a63965d31e4') in 0.391843 seconds
  Import took 0.393552 seconds .

========================================================================
Received Import Request.
  Time since last request: 60.578970 seconds.
  path: Assets/ReferenceImageLibrary.asset
  artifactKey: Guid(08ed01c64aaaa4f3caf3e058cb3ccccf) Importer(815301076,1909f56bfc062723c751e8b465ee728b)
Start importing Assets/ReferenceImageLibrary.asset using Guid(08ed01c64aaaa4f3caf3e058cb3ccccf) Importer(815301076,1909f56bfc062723c751e8b465ee728b)  -> (artifact id: 'bb932e4022f94c68fd48623c75b0b537') in 0.589399 seconds
  Import took 0.595940 seconds .

========================================================================
Received Import Request.
  Time since last request: 53.976365 seconds.
  path: Assets/vansmovie.mp4
  artifactKey: Guid(8be52a367ecf041029b01e58c2726f90) Importer(815301076,1909f56bfc062723c751e8b465ee728b)
Start importing Assets/vansmovie.mp4 using Guid(8be52a367ecf041029b01e58c2726f90) Importer(815301076,1909f56bfc062723c751e8b465ee728b)  -> (artifact id: '6a4c8ffb528f6525ad88e12f75600d10') in 0.027790 seconds
  Import took 0.051807 seconds .

========================================================================
Received Import Request.
  Time since last request: 5.860046 seconds.
  path: Assets/photo-15735.jpeg
  artifactKey: Guid(1f30ced787e99445fb9db4038ec4ee92) Importer(815301076,1909f56bfc062723c751e8b465ee728b)
Start importing Assets/photo-15735.jpeg using Guid(1f30ced787e99445fb9db4038ec4ee92) Importer(815301076,1909f56bfc062723c751e8b465ee728b)  -> (artifact id: 'be93872541f3af2c08bf897f3a541607') in 0.015645 seconds
  Import took 0.017756 seconds .

========================================================================
Received Import Request.
  Time since last request: 1021.343219 seconds.
  path: Assets/VideoPlayer.prefab
  artifactKey: Guid(8e199ce1754d74755a7dab5308b22587) Importer(815301076,1909f56bfc062723c751e8b465ee728b)
Start importing Assets/VideoPlayer.prefab using Guid(8e199ce1754d74755a7dab5308b22587) Importer(815301076,1909f56bfc062723c751e8b465ee728b)  -> (artifact id: 'fa52b125cecd5699b24b5be68c1dd366') in 0.725746 seconds
  Import took 0.743322 seconds .

========================================================================
Received Import Request.
  Time since last request: 29.992413 seconds.
  path: Assets/ReferenceImageLibrary.asset
  artifactKey: Guid(08ed01c64aaaa4f3caf3e058cb3ccccf) Importer(815301076,1909f56bfc062723c751e8b465ee728b)
Start importing Assets/ReferenceImageLibrary.asset using Guid(08ed01c64aaaa4f3caf3e058cb3ccccf) Importer(815301076,1909f56bfc062723c751e8b465ee728b)  -> (artifact id: '4922a71a0cc8bc96a5a7b7e38757511c') in 0.014274 seconds
  Import took 0.021503 seconds .

========================================================================
Received Prepare
Registering precompiled user dll's ...
Registered in 0.000383 seconds.
Begin MonoManager ReloadAssembly
Native extension for WindowsStandalone target not found
Native extension for OSXStandalone target not found
Refreshing native plugins compatible for Editor in 0.28 ms, found 1 plugins.
Preloading 0 native plugins for Editor in 0.00 ms.
Mono: successfully reloaded assembly
- Completed reload, in  1.914 seconds
Platform modules already initialized, skipping
Switching build target platform(2) subTarget(0) extendedPlatform(0) -> platform(13) subTarget(537395200) extendedPlatform(0)
Refreshing native plugins compatible for Editor in 0.27 ms, found 1 plugins.
Preloading 0 native plugins for Editor in 0.00 ms.
Unloading 1529 Unused Serialized files (Serialized files now loaded: 0)
System memory in use before: 156.8 MB.
System memory in use after: 156.9 MB.

Unloading 8 unused Assets to reduce memory usage. Loaded Objects now: 2001.
Total: 2.235250 ms (FindLiveObjects: 0.404458 ms CreateObjectMapping: 0.039417 ms MarkObjects: 1.604666 ms  DeleteObjects: 0.185667 ms)

AssetImportParameters requested are different than current active one (requested -> active):
  custom:graphics/normal-map-encoding: 01000000000000000000000000000000 -> 02000000000000000000000000000000
========================================================================
Received Prepare
Refreshing native plugins compatible for Editor in 0.58 ms, found 1 plugins.
Preloading 0 native plugins for Editor in 0.00 ms.
Unloading 4 Unused Serialized files (Serialized files now loaded: 0)
System memory in use before: 126.5 MB.
System memory in use after: 126.6 MB.

Unloading 4 unused Assets to reduce memory usage. Loaded Objects now: 2001.
Total: 1.390584 ms (FindLiveObjects: 0.167250 ms CreateObjectMapping: 0.030750 ms MarkObjects: 1.123417 ms  DeleteObjects: 0.068292 ms)

========================================================================
Received Import Request.
  Time since last request: 199.051530 seconds.
  path: Assets/photo-15735.jpeg
  artifactKey: Guid(1f30ced787e99445fb9db4038ec4ee92) Importer(815301076,1909f56bfc062723c751e8b465ee728b)
Start importing Assets/photo-15735.jpeg using Guid(1f30ced787e99445fb9db4038ec4ee92) Importer(815301076,1909f56bfc062723c751e8b465ee728b)  -> (artifact id: 'd1d2be5f1461adb014fc90339e9089ab') in 0.163512 seconds
  Import took 0.185190 seconds .

========================================================================
Received Prepare
Registering precompiled user dll's ...
Registered in 0.000960 seconds.
Begin MonoManager ReloadAssembly
Native extension for WindowsStandalone target not found
Native extension for OSXStandalone target not found
Refreshing native plugins compatible for Editor in 0.43 ms, found 1 plugins.
Preloading 0 native plugins for Editor in 0.00 ms.
Mono: successfully reloaded assembly
- Completed reload, in  1.863 seconds
Platform modules already initialized, skipping
Switching build target platform(2) subTarget(0) extendedPlatform(0) -> platform(13) subTarget(537395200) extendedPlatform(0)
Refreshing native plugins compatible for Editor in 0.27 ms, found 1 plugins.
Preloading 0 native plugins for Editor in 0.00 ms.
Unloading 1555 Unused Serialized files (Serialized files now loaded: 0)
System memory in use before: 158.9 MB.
System memory in use after: 158.9 MB.

Unloading 7 unused Assets to reduce memory usage. Loaded Objects now: 2031.
Total: 1.290583 ms (FindLiveObjects: 0.106625 ms CreateObjectMapping: 0.028833 ms MarkObjects: 1.087042 ms  DeleteObjects: 0.067458 ms)

AssetImportParameters requested are different than current active one (requested -> active):
  custom:graphics/normal-map-encoding: 01000000000000000000000000000000 -> 02000000000000000000000000000000
========================================================================
Received Prepare
Switching build target platform(13) subTarget(537395200) extendedPlatform(0) -> platform(13) subTarget(524288) extendedPlatform(0)
Refreshing native plugins compatible for Editor in 0.53 ms, found 1 plugins.
Preloading 0 native plugins for Editor in 0.00 ms.
Unloading 4 Unused Serialized files (Serialized files now loaded: 0)
System memory in use before: 128.1 MB.
System memory in use after: 128.2 MB.

Unloading 4 unused Assets to reduce memory usage. Loaded Objects now: 2031.
Total: 1.363584 ms (FindLiveObjects: 0.116834 ms CreateObjectMapping: 0.032500 ms MarkObjects: 1.163666 ms  DeleteObjects: 0.049959 ms)

AssetImportParameters requested are different than current active one (requested -> active):
  buildTarget: platform 13, subtarget 524288, extendedPlatform 0 -> platform 13, subtarget 537395200, extendedPlatform 0
  graphicsApiMask: 2048 -> 2099200
========================================================================
Received Import Request.
  Time since last request: 362.081453 seconds.
  path: Assets/photo-15735.jpeg
  artifactKey: Guid(1f30ced787e99445fb9db4038ec4ee92) Importer(815301076,1909f56bfc062723c751e8b465ee728b)
Start importing Assets/photo-15735.jpeg using Guid(1f30ced787e99445fb9db4038ec4ee92) Importer(815301076,1909f56bfc062723c751e8b465ee728b)  -> (artifact id: '8318dc071cf0e640c0210327be793e16') in 0.103997 seconds
  Import took 0.106209 seconds .

========================================================================
Received Prepare
Refreshing native plugins compatible for Editor in 0.63 ms, found 1 plugins.
Preloading 0 native plugins for Editor in 0.00 ms.
Unloading 4 Unused Serialized files (Serialized files now loaded: 0)
System memory in use before: 128.8 MB.
System memory in use after: 128.9 MB.

Unloading 4 unused Assets to reduce memory usage. Loaded Objects now: 2031.
Total: 13.255541 ms (FindLiveObjects: 0.243000 ms CreateObjectMapping: 0.029834 ms MarkObjects: 12.889833 ms  DeleteObjects: 0.092250 ms)

========================================================================
Received Import Request.
  Time since last request: 262.207290 seconds.
  path: Assets/photo-15735.jpeg
  artifactKey: Guid(1f30ced787e99445fb9db4038ec4ee92) Importer(815301076,1909f56bfc062723c751e8b465ee728b)
Start importing Assets/photo-15735.jpeg using Guid(1f30ced787e99445fb9db4038ec4ee92) Importer(815301076,1909f56bfc062723c751e8b465ee728b)  -> (artifact id: '4b6831d2ad15a769da8096e10b623414') in 0.051635 seconds
  Import took 0.054115 seconds .

========================================================================
Received Prepare
Refreshing native plugins compatible for Editor in 0.87 ms, found 1 plugins.
Preloading 0 native plugins for Editor in 0.00 ms.
Unloading 4 Unused Serialized files (Serialized files now loaded: 0)
System memory in use before: 129.0 MB.
System memory in use after: 129.1 MB.

Unloading 3 unused Assets to reduce memory usage. Loaded Objects now: 2032.
Total: 10.398750 ms (FindLiveObjects: 0.372083 ms CreateObjectMapping: 0.030458 ms MarkObjects: 9.790250 ms  DeleteObjects: 0.205416 ms)

========================================================================
Received Prepare
Refreshing native plugins compatible for Editor in 1.68 ms, found 1 plugins.
Preloading 0 native plugins for Editor in 0.00 ms.
Unloading 3 Unused Serialized files (Serialized files now loaded: 0)
System memory in use before: 129.1 MB.
System memory in use after: 129.2 MB.

Unloading 3 unused Assets to reduce memory usage. Loaded Objects now: 2032.
Total: 12.043625 ms (FindLiveObjects: 0.917500 ms CreateObjectMapping: 0.030792 ms MarkObjects: 10.835291 ms  DeleteObjects: 0.258916 ms)

========================================================================
Received Prepare
Refreshing native plugins compatible for Editor in 1.05 ms, found 1 plugins.
Preloading 0 native plugins for Editor in 0.00 ms.
Unloading 3 Unused Serialized files (Serialized files now loaded: 0)
System memory in use before: 129.3 MB.
System memory in use after: 129.4 MB.

Unloading 3 unused Assets to reduce memory usage. Loaded Objects now: 2032.
Total: 12.023792 ms (FindLiveObjects: 0.223959 ms CreateObjectMapping: 0.029875 ms MarkObjects: 11.691625 ms  DeleteObjects: 0.077625 ms)

========================================================================
Received Prepare
Refreshing native plugins compatible for Editor in 0.59 ms, found 1 plugins.
Preloading 0 native plugins for Editor in 0.00 ms.
Unloading 3 Unused Serialized files (Serialized files now loaded: 0)
System memory in use before: 129.4 MB.
System memory in use after: 129.5 MB.

Unloading 3 unused Assets to reduce memory usage. Loaded Objects now: 2032.
Total: 21.736833 ms (FindLiveObjects: 6.173542 ms CreateObjectMapping: 0.033416 ms MarkObjects: 15.440792 ms  DeleteObjects: 0.088416 ms)

========================================================================
Received Prepare
Refreshing native plugins compatible for Editor in 0.95 ms, found 1 plugins.
Preloading 0 native plugins for Editor in 0.00 ms.
Unloading 3 Unused Serialized files (Serialized files now loaded: 0)
System memory in use before: 129.4 MB.
System memory in use after: 129.5 MB.

Unloading 3 unused Assets to reduce memory usage. Loaded Objects now: 2032.
Total: 15.889042 ms (FindLiveObjects: 0.262458 ms CreateObjectMapping: 0.034708 ms MarkObjects: 15.492583 ms  DeleteObjects: 0.098458 ms)

========================================================================
Received Import Request.
  Time since last request: 1264.377940 seconds.
  path: Assets/photo-15735.jpeg
  artifactKey: Guid(1f30ced787e99445fb9db4038ec4ee92) Importer(815301076,1909f56bfc062723c751e8b465ee728b)
Start importing Assets/photo-15735.jpeg using Guid(1f30ced787e99445fb9db4038ec4ee92) Importer(815301076,1909f56bfc062723c751e8b465ee728b)  -> (artifact id: '6c82e0960477bb3535646fddfafb5b8f') in 0.067505 seconds
  Import took 0.069987 seconds .

========================================================================
Received Import Request.
  Time since last request: 0.238454 seconds.
  path: Assets/photo-15735.jpeg
  artifactKey: Guid(1f30ced787e99445fb9db4038ec4ee92) Importer(815301076,1909f56bfc062723c751e8b465ee728b)
Start importing Assets/photo-15735.jpeg using Guid(1f30ced787e99445fb9db4038ec4ee92) Importer(815301076,1909f56bfc062723c751e8b465ee728b)  -> (artifact id: '6c82e0960477bb3535646fddfafb5b8f') in 0.010300 seconds
  Import took 0.012580 seconds .

========================================================================
Received Prepare
Refreshing native plugins compatible for Editor in 1.01 ms, found 1 plugins.
Preloading 0 native plugins for Editor in 0.00 ms.
Unloading 3 Unused Serialized files (Serialized files now loaded: 0)
System memory in use before: 129.6 MB.
System memory in use after: 129.7 MB.

Unloading 3 unused Assets to reduce memory usage. Loaded Objects now: 2032.
Total: 7.593917 ms (FindLiveObjects: 0.239125 ms CreateObjectMapping: 0.030333 ms MarkObjects: 7.251000 ms  DeleteObjects: 0.072625 ms)

========================================================================
Received Prepare
Refreshing native plugins compatible for Editor in 0.59 ms, found 1 plugins.
Preloading 0 native plugins for Editor in 0.00 ms.
Unloading 3 Unused Serialized files (Serialized files now loaded: 0)
System memory in use before: 129.6 MB.
System memory in use after: 129.7 MB.

Unloading 3 unused Assets to reduce memory usage. Loaded Objects now: 2032.
Total: 16.207500 ms (FindLiveObjects: 0.241916 ms CreateObjectMapping: 0.031000 ms MarkObjects: 15.854333 ms  DeleteObjects: 0.079541 ms)

========================================================================
Received Prepare
Refreshing native plugins compatible for Editor in 3.01 ms, found 1 plugins.
Preloading 0 native plugins for Editor in 0.00 ms.
Unloading 3 Unused Serialized files (Serialized files now loaded: 0)
System memory in use before: 129.8 MB.
System memory in use after: 129.9 MB.

Unloading 3 unused Assets to reduce memory usage. Loaded Objects now: 2032.
Total: 24.984375 ms (FindLiveObjects: 0.406291 ms CreateObjectMapping: 0.038084 ms MarkObjects: 24.449083 ms  DeleteObjects: 0.089916 ms)

========================================================================
Received Prepare
Refreshing native plugins compatible for Editor in 0.88 ms, found 1 plugins.
Preloading 0 native plugins for Editor in 0.00 ms.
Unloading 3 Unused Serialized files (Serialized files now loaded: 0)
System memory in use before: 129.8 MB.
System memory in use after: 129.9 MB.

Unloading 3 unused Assets to reduce memory usage. Loaded Objects now: 2032.
Total: 11.632292 ms (FindLiveObjects: 0.250875 ms CreateObjectMapping: 0.030250 ms MarkObjects: 11.253250 ms  DeleteObjects: 0.097083 ms)

========================================================================
Received Prepare
Refreshing native plugins compatible for Editor in 1.09 ms, found 1 plugins.
Preloading 0 native plugins for Editor in 0.00 ms.
Unloading 3 Unused Serialized files (Serialized files now loaded: 0)
System memory in use before: 130.0 MB.
System memory in use after: 130.1 MB.

Unloading 3 unused Assets to reduce memory usage. Loaded Objects now: 2032.
Total: 6.206959 ms (FindLiveObjects: 0.226500 ms CreateObjectMapping: 0.030417 ms MarkObjects: 5.832625 ms  DeleteObjects: 0.116208 ms)

========================================================================
Received Prepare
Registering precompiled user dll's ...
Registered in 0.001610 seconds.
Begin MonoManager ReloadAssembly
Native extension for WindowsStandalone target not found
Native extension for OSXStandalone target not found
Refreshing native plugins compatible for Editor in 0.37 ms, found 1 plugins.
Preloading 0 native plugins for Editor in 0.00 ms.
Mono: successfully reloaded assembly
- Completed reload, in  2.242 seconds
Platform modules already initialized, skipping
Switching build target platform(2) subTarget(0) extendedPlatform(0) -> platform(13) subTarget(524288) extendedPlatform(0)
Refreshing native plugins compatible for Editor in 0.37 ms, found 1 plugins.
Preloading 0 native plugins for Editor in 0.00 ms.
Unloading 1598 Unused Serialized files (Serialized files now loaded: 0)
System memory in use before: 162.1 MB.
System memory in use after: 162.2 MB.

Unloading 6 unused Assets to reduce memory usage. Loaded Objects now: 2092.
Total: 3.145625 ms (FindLiveObjects: 0.374333 ms CreateObjectMapping: 0.041750 ms MarkObjects: 2.503458 ms  DeleteObjects: 0.224709 ms)

AssetImportParameters requested are different than current active one (requested -> active):
  custom:graphics/normal-map-encoding: 01000000000000000000000000000000 -> 02000000000000000000000000000000
========================================================================
Received Prepare
Refreshing native plugins compatible for Editor in 1.04 ms, found 1 plugins.
Preloading 0 native plugins for Editor in 0.00 ms.
Unloading 3 Unused Serialized files (Serialized files now loaded: 0)
System memory in use before: 130.5 MB.
System memory in use after: 130.6 MB.

Unloading 3 unused Assets to reduce memory usage. Loaded Objects now: 2092.
Total: 11.047750 ms (FindLiveObjects: 2.363250 ms CreateObjectMapping: 0.032583 ms MarkObjects: 8.573625 ms  DeleteObjects: 0.078000 ms)

========================================================================
Received Prepare
Refreshing native plugins compatible for Editor in 1.07 ms, found 1 plugins.
Preloading 0 native plugins for Editor in 0.00 ms.
Unloading 3 Unused Serialized files (Serialized files now loaded: 0)
System memory in use before: 130.6 MB.
System memory in use after: 130.7 MB.

Unloading 3 unused Assets to reduce memory usage. Loaded Objects now: 2092.
Total: 11.749250 ms (FindLiveObjects: 0.351458 ms CreateObjectMapping: 0.041625 ms MarkObjects: 11.259625 ms  DeleteObjects: 0.095625 ms)

========================================================================
Received Prepare
Refreshing native plugins compatible for Editor in 1.00 ms, found 1 plugins.
Preloading 0 native plugins for Editor in 0.00 ms.
Unloading 3 Unused Serialized files (Serialized files now loaded: 0)
System memory in use before: 130.8 MB.
System memory in use after: 130.9 MB.

Unloading 3 unused Assets to reduce memory usage. Loaded Objects now: 2092.
Total: 11.704750 ms (FindLiveObjects: 0.261334 ms CreateObjectMapping: 0.032208 ms MarkObjects: 11.309708 ms  DeleteObjects: 0.100875 ms)

========================================================================
Received Prepare
Refreshing native plugins compatible for Editor in 1.15 ms, found 1 plugins.
Preloading 0 native plugins for Editor in 0.00 ms.
Unloading 3 Unused Serialized files (Serialized files now loaded: 0)
System memory in use before: 130.9 MB.
System memory in use after: 131.0 MB.

Unloading 3 unused Assets to reduce memory usage. Loaded Objects now: 2092.
Total: 12.624208 ms (FindLiveObjects: 0.264417 ms CreateObjectMapping: 0.033042 ms MarkObjects: 12.206292 ms  DeleteObjects: 0.119500 ms)

========================================================================
Received Prepare
Refreshing native plugins compatible for Editor in 1.47 ms, found 1 plugins.
Preloading 0 native plugins for Editor in 0.00 ms.
Unloading 3 Unused Serialized files (Serialized files now loaded: 0)
System memory in use before: 131.1 MB.
System memory in use after: 131.2 MB.

Unloading 3 unused Assets to reduce memory usage. Loaded Objects now: 2092.
Total: 7.222167 ms (FindLiveObjects: 0.436542 ms CreateObjectMapping: 0.042167 ms MarkObjects: 6.448750 ms  DeleteObjects: 0.294125 ms)

========================================================================
Received Prepare
Refreshing native plugins compatible for Editor in 0.89 ms, found 1 plugins.
Preloading 0 native plugins for Editor in 0.00 ms.
Unloading 3 Unused Serialized files (Serialized files now loaded: 0)
System memory in use before: 131.1 MB.
System memory in use after: 131.2 MB.

Unloading 3 unused Assets to reduce memory usage. Loaded Objects now: 2092.
Total: 9.729000 ms (FindLiveObjects: 0.250709 ms CreateObjectMapping: 0.031291 ms MarkObjects: 9.357458 ms  DeleteObjects: 0.089000 ms)

========================================================================
Received Prepare
Refreshing native plugins compatible for Editor in 1.09 ms, found 1 plugins.
Preloading 0 native plugins for Editor in 0.00 ms.
Unloading 3 Unused Serialized files (Serialized files now loaded: 0)
System memory in use before: 131.3 MB.
System memory in use after: 131.4 MB.

Unloading 3 unused Assets to reduce memory usage. Loaded Objects now: 2092.
Total: 12.226834 ms (FindLiveObjects: 0.253792 ms CreateObjectMapping: 0.031250 ms MarkObjects: 11.854416 ms  DeleteObjects: 0.086583 ms)

========================================================================
Received Prepare
Refreshing native plugins compatible for Editor in 0.83 ms, found 1 plugins.
Preloading 0 native plugins for Editor in 0.00 ms.
Unloading 3 Unused Serialized files (Serialized files now loaded: 0)
System memory in use before: 131.5 MB.
System memory in use after: 131.6 MB.

Unloading 3 unused Assets to reduce memory usage. Loaded Objects now: 2092.
Total: 5.835625 ms (FindLiveObjects: 0.256750 ms CreateObjectMapping: 0.035042 ms MarkObjects: 5.459958 ms  DeleteObjects: 0.083167 ms)

========================================================================
Received Prepare
Refreshing native plugins compatible for Editor in 0.95 ms, found 1 plugins.
Preloading 0 native plugins for Editor in 0.00 ms.
Unloading 3 Unused Serialized files (Serialized files now loaded: 0)
System memory in use before: 131.5 MB.
System memory in use after: 131.6 MB.

Unloading 3 unused Assets to reduce memory usage. Loaded Objects now: 2092.
Total: 17.334416 ms (FindLiveObjects: 0.273333 ms CreateObjectMapping: 0.031292 ms MarkObjects: 16.907250 ms  DeleteObjects: 0.121833 ms)

========================================================================
Received Prepare
Refreshing native plugins compatible for Editor in 1.06 ms, found 1 plugins.
Preloading 0 native plugins for Editor in 0.00 ms.
Unloading 3 Unused Serialized files (Serialized files now loaded: 0)
System memory in use before: 131.6 MB.
System memory in use after: 131.7 MB.

Unloading 3 unused Assets to reduce memory usage. Loaded Objects now: 2092.
Total: 12.776750 ms (FindLiveObjects: 0.300667 ms CreateObjectMapping: 0.034833 ms MarkObjects: 12.344042 ms  DeleteObjects: 0.096375 ms)

